INFO - 2024-03-16 01:58:34 --> Session: Class initialized using 'CodeIgniter\Session\Handlers\FileHandler' driver.
INFO - 2024-03-16 01:58:49 --> Session: Class initialized using 'CodeIgniter\Session\Handlers\FileHandler' driver.
INFO - 2024-03-16 02:00:35 --> Session: Class initialized using 'CodeIgniter\Session\Handlers\FileHandler' driver.
INFO - 2024-03-16 02:06:47 --> Session: Class initialized using 'CodeIgniter\Session\Handlers\FileHandler' driver.
INFO - 2024-03-16 02:07:11 --> Session: Class initialized using 'CodeIgniter\Session\Handlers\FileHandler' driver.
INFO - 2024-03-16 02:07:48 --> Session: Class initialized using 'CodeIgniter\Session\Handlers\FileHandler' driver.
INFO - 2024-03-16 02:07:55 --> Session: Class initialized using 'CodeIgniter\Session\Handlers\FileHandler' driver.
INFO - 2024-03-16 02:07:55 --> Session: Class initialized using 'CodeIgniter\Session\Handlers\FileHandler' driver.
INFO - 2024-03-16 02:29:40 --> Session: Class initialized using 'CodeIgniter\Session\Handlers\FileHandler' driver.
INFO - 2024-03-16 14:53:37 --> Session: Class initialized using 'CodeIgniter\Session\Handlers\FileHandler' driver.
INFO - 2024-03-16 14:53:49 --> Session: Class initialized using 'CodeIgniter\Session\Handlers\FileHandler' driver.
ERROR - 2024-03-16 14:53:49 --> mysqli_sql_exception: Table 'db_kp.tbl_kat' doesn't exist in C:\xampp\htdocs\michel_dkk\system\Database\MySQLi\Connection.php:306
Stack trace:
#0 C:\xampp\htdocs\michel_dkk\system\Database\MySQLi\Connection.php(306): mysqli->query('SELECT *\nFROM `...', 0)
#1 C:\xampp\htdocs\michel_dkk\system\Database\BaseConnection.php(693): CodeIgniter\Database\MySQLi\Connection->execute('SELECT *\nFROM `...')
#2 C:\xampp\htdocs\michel_dkk\system\Database\BaseConnection.php(607): CodeIgniter\Database\BaseConnection->simpleQuery('SELECT *\nFROM `...')
#3 C:\xampp\htdocs\michel_dkk\system\Database\BaseBuilder.php(1615): CodeIgniter\Database\BaseConnection->query('SELECT *\nFROM `...', Array, false)
#4 C:\xampp\htdocs\michel_dkk\app\Models\Modelkategori.php(21): CodeIgniter\Database\BaseBuilder->get()
#5 C:\xampp\htdocs\michel_dkk\app\Controllers\Arsip.php(15): App\Models\Modelkategori->getAll()
#6 C:\xampp\htdocs\michel_dkk\system\CodeIgniter.php(942): App\Controllers\Arsip->index()
#7 C:\xampp\htdocs\michel_dkk\system\CodeIgniter.php(502): CodeIgniter\CodeIgniter->runController(Object(App\Controllers\Arsip))
#8 C:\xampp\htdocs\michel_dkk\system\CodeIgniter.php(361): CodeIgniter\CodeIgniter->handleRequest(NULL, Object(Config\Cache), false)
#9 C:\xampp\htdocs\michel_dkk\public\index.php(79): CodeIgniter\CodeIgniter->run()
#10 C:\xampp\htdocs\michel_dkk\system\Commands\Server\rewrite.php(47): require_once('C:\\xampp\\htdocs...')
#11 {main}
CRITICAL - 2024-03-16 14:53:49 --> Table 'db_kp.tbl_kat' doesn't exist
in SYSTEMPATH\Database\BaseConnection.php on line 647.
 1 SYSTEMPATH\Database\BaseBuilder.php(1615): CodeIgniter\Database\BaseConnection->query('SELECT *
FROM `tbl_kat`
ORDER BY `kd_kat` ASC', [], false)
 2 APPPATH\Models\Modelkategori.php(21): CodeIgniter\Database\BaseBuilder->get()
 3 APPPATH\Controllers\Arsip.php(15): App\Models\Modelkategori->getAll()
 4 SYSTEMPATH\CodeIgniter.php(942): App\Controllers\Arsip->index()
 5 SYSTEMPATH\CodeIgniter.php(502): CodeIgniter\CodeIgniter->runController(Object(App\Controllers\Arsip))
 6 SYSTEMPATH\CodeIgniter.php(361): CodeIgniter\CodeIgniter->handleRequest(null, Object(Config\Cache), false)
 7 FCPATH\index.php(79): CodeIgniter\CodeIgniter->run()
 8 SYSTEMPATH\Commands\Server\rewrite.php(47): require_once('C:\\xampp\\htdocs\\michel_dkk\\public\\index.php')
INFO - 2024-03-16 14:54:19 --> Session: Class initialized using 'CodeIgniter\Session\Handlers\FileHandler' driver.
INFO - 2024-03-16 14:54:27 --> Session: Class initialized using 'CodeIgniter\Session\Handlers\FileHandler' driver.
ERROR - 2024-03-16 14:54:27 --> mysqli_sql_exception: Table 'db_kp.tbl_user' doesn't exist in C:\xampp\htdocs\michel_dkk\system\Database\MySQLi\Connection.php:306
Stack trace:
#0 C:\xampp\htdocs\michel_dkk\system\Database\MySQLi\Connection.php(306): mysqli->query('SELECT *\nFROM `...', 0)
#1 C:\xampp\htdocs\michel_dkk\system\Database\BaseConnection.php(693): CodeIgniter\Database\MySQLi\Connection->execute('SELECT *\nFROM `...')
#2 C:\xampp\htdocs\michel_dkk\system\Database\BaseConnection.php(607): CodeIgniter\Database\BaseConnection->simpleQuery('SELECT *\nFROM `...')
#3 C:\xampp\htdocs\michel_dkk\system\Database\BaseBuilder.php(1615): CodeIgniter\Database\BaseConnection->query('SELECT *\nFROM `...', Array, false)
#4 C:\xampp\htdocs\michel_dkk\app\Models\Modeluser.php(24): CodeIgniter\Database\BaseBuilder->get()
#5 C:\xampp\htdocs\michel_dkk\app\Controllers\Auth.php(53): App\Models\Modeluser->checkLogin('michel')
#6 C:\xampp\htdocs\michel_dkk\system\CodeIgniter.php(942): App\Controllers\Auth->login()
#7 C:\xampp\htdocs\michel_dkk\system\CodeIgniter.php(502): CodeIgniter\CodeIgniter->runController(Object(App\Controllers\Auth))
#8 C:\xampp\htdocs\michel_dkk\system\CodeIgniter.php(361): CodeIgniter\CodeIgniter->handleRequest(NULL, Object(Config\Cache), false)
#9 C:\xampp\htdocs\michel_dkk\public\index.php(79): CodeIgniter\CodeIgniter->run()
#10 C:\xampp\htdocs\michel_dkk\system\Commands\Server\rewrite.php(47): require_once('C:\\xampp\\htdocs...')
#11 {main}
CRITICAL - 2024-03-16 14:54:27 --> Table 'db_kp.tbl_user' doesn't exist
in SYSTEMPATH\Database\BaseConnection.php on line 647.
 1 SYSTEMPATH\Database\BaseBuilder.php(1615): CodeIgniter\Database\BaseConnection->query('SELECT *
FROM `tbl_user`
WHERE `username` = :username:', [...], false)
 2 APPPATH\Models\Modeluser.php(24): CodeIgniter\Database\BaseBuilder->get()
 3 APPPATH\Controllers\Auth.php(53): App\Models\Modeluser->checkLogin('michel')
 4 SYSTEMPATH\CodeIgniter.php(942): App\Controllers\Auth->login()
 5 SYSTEMPATH\CodeIgniter.php(502): CodeIgniter\CodeIgniter->runController(Object(App\Controllers\Auth))
 6 SYSTEMPATH\CodeIgniter.php(361): CodeIgniter\CodeIgniter->handleRequest(null, Object(Config\Cache), false)
 7 FCPATH\index.php(79): CodeIgniter\CodeIgniter->run()
 8 SYSTEMPATH\Commands\Server\rewrite.php(47): require_once('C:\\xampp\\htdocs\\michel_dkk\\public\\index.php')
INFO - 2024-03-16 14:54:30 --> Session: Class initialized using 'CodeIgniter\Session\Handlers\FileHandler' driver.
INFO - 2024-03-16 14:55:37 --> Session: Class initialized using 'CodeIgniter\Session\Handlers\FileHandler' driver.
INFO - 2024-03-16 14:55:44 --> Session: Class initialized using 'CodeIgniter\Session\Handlers\FileHandler' driver.
INFO - 2024-03-16 14:55:44 --> Session: Class initialized using 'CodeIgniter\Session\Handlers\FileHandler' driver.
INFO - 2024-03-16 14:55:50 --> Session: Class initialized using 'CodeIgniter\Session\Handlers\FileHandler' driver.
INFO - 2024-03-16 14:56:37 --> Session: Class initialized using 'CodeIgniter\Session\Handlers\FileHandler' driver.
INFO - 2024-03-16 14:56:37 --> Session: Class initialized using 'CodeIgniter\Session\Handlers\FileHandler' driver.
INFO - 2024-03-16 14:59:12 --> Session: Class initialized using 'CodeIgniter\Session\Handlers\FileHandler' driver.
INFO - 2024-03-16 14:59:23 --> Session: Class initialized using 'CodeIgniter\Session\Handlers\FileHandler' driver.
INFO - 2024-03-16 14:59:24 --> Session: Class initialized using 'CodeIgniter\Session\Handlers\FileHandler' driver.
INFO - 2024-03-16 14:59:44 --> Session: Class initialized using 'CodeIgniter\Session\Handlers\FileHandler' driver.
INFO - 2024-03-16 14:59:50 --> Session: Class initialized using 'CodeIgniter\Session\Handlers\FileHandler' driver.
INFO - 2024-03-16 14:59:50 --> Session: Class initialized using 'CodeIgniter\Session\Handlers\FileHandler' driver.
INFO - 2024-03-16 15:00:07 --> Session: Class initialized using 'CodeIgniter\Session\Handlers\FileHandler' driver.
INFO - 2024-03-16 15:00:19 --> Session: Class initialized using 'CodeIgniter\Session\Handlers\FileHandler' driver.
INFO - 2024-03-16 15:00:19 --> Session: Class initialized using 'CodeIgniter\Session\Handlers\FileHandler' driver.
INFO - 2024-03-16 15:01:21 --> Session: Class initialized using 'CodeIgniter\Session\Handlers\FileHandler' driver.
INFO - 2024-03-16 15:01:29 --> Session: Class initialized using 'CodeIgniter\Session\Handlers\FileHandler' driver.
INFO - 2024-03-16 15:01:29 --> Session: Class initialized using 'CodeIgniter\Session\Handlers\FileHandler' driver.
INFO - 2024-03-16 15:01:46 --> Session: Class initialized using 'CodeIgniter\Session\Handlers\FileHandler' driver.
INFO - 2024-03-16 15:01:47 --> Session: Class initialized using 'CodeIgniter\Session\Handlers\FileHandler' driver.
INFO - 2024-03-16 15:04:02 --> Session: Class initialized using 'CodeIgniter\Session\Handlers\FileHandler' driver.
INFO - 2024-03-16 15:04:23 --> Session: Class initialized using 'CodeIgniter\Session\Handlers\FileHandler' driver.
INFO - 2024-03-16 15:04:23 --> Session: Class initialized using 'CodeIgniter\Session\Handlers\FileHandler' driver.
INFO - 2024-03-16 15:04:33 --> Session: Class initialized using 'CodeIgniter\Session\Handlers\FileHandler' driver.
INFO - 2024-03-16 15:04:34 --> Session: Class initialized using 'CodeIgniter\Session\Handlers\FileHandler' driver.
INFO - 2024-03-16 15:05:27 --> Session: Class initialized using 'CodeIgniter\Session\Handlers\FileHandler' driver.
INFO - 2024-03-16 15:05:42 --> Session: Class initialized using 'CodeIgniter\Session\Handlers\FileHandler' driver.
INFO - 2024-03-16 15:05:59 --> Session: Class initialized using 'CodeIgniter\Session\Handlers\FileHandler' driver.
INFO - 2024-03-16 15:06:06 --> Session: Class initialized using 'CodeIgniter\Session\Handlers\FileHandler' driver.
INFO - 2024-03-16 15:14:22 --> Session: Class initialized using 'CodeIgniter\Session\Handlers\FileHandler' driver.
INFO - 2024-03-16 15:14:37 --> Session: Class initialized using 'CodeIgniter\Session\Handlers\FileHandler' driver.
INFO - 2024-03-16 15:24:49 --> Session: Class initialized using 'CodeIgniter\Session\Handlers\FileHandler' driver.
CRITICAL - 2024-03-16 15:24:50 --> Undefined variable $asn
in APPPATH\Views\admin\darsip.php on line 477.
 1 APPPATH\Views\admin\darsip.php(477): CodeIgniter\Debug\Exceptions->errorHandler(2, 'Undefined variable $asn', 'C:\\xampp\\htdocs\\michel_dkk\\app\\Views\\admin\\darsip.php', 477)
 2 SYSTEMPATH\View\View.php(228): include('C:\\xampp\\htdocs\\michel_dkk\\app\\Views\\admin\\darsip.php')
 3 SYSTEMPATH\View\View.php(231): CodeIgniter\View\View->CodeIgniter\View\{closure}()
 4 SYSTEMPATH\Common.php(1190): CodeIgniter\View\View->render('admin/darsip', [], true)
 5 APPPATH\Controllers\Arsip.php(28): view('admin/darsip', [...])
 6 SYSTEMPATH\CodeIgniter.php(942): App\Controllers\Arsip->index()
 7 SYSTEMPATH\CodeIgniter.php(502): CodeIgniter\CodeIgniter->runController(Object(App\Controllers\Arsip))
 8 SYSTEMPATH\CodeIgniter.php(361): CodeIgniter\CodeIgniter->handleRequest(null, Object(Config\Cache), false)
 9 FCPATH\index.php(79): CodeIgniter\CodeIgniter->run()
10 SYSTEMPATH\Commands\Server\rewrite.php(47): require_once('C:\\xampp\\htdocs\\michel_dkk\\public\\index.php')
INFO - 2024-03-16 15:25:20 --> Session: Class initialized using 'CodeIgniter\Session\Handlers\FileHandler' driver.
INFO - 2024-03-16 15:27:16 --> Session: Class initialized using 'CodeIgniter\Session\Handlers\FileHandler' driver.
INFO - 2024-03-16 15:29:02 --> Session: Class initialized using 'CodeIgniter\Session\Handlers\FileHandler' driver.
INFO - 2024-03-16 15:29:43 --> Session: Class initialized using 'CodeIgniter\Session\Handlers\FileHandler' driver.
INFO - 2024-03-16 15:29:47 --> Session: Class initialized using 'CodeIgniter\Session\Handlers\FileHandler' driver.
CRITICAL - 2024-03-16 15:29:47 --> Call to undefined method App\Models\Modelrab::getAsmByKd
in SYSTEMPATH\Model.php on line 873.
 1 APPPATH\Controllers\Arsip.php(48): CodeIgniter\Model->__call('getAsmByKd', [...])
 2 SYSTEMPATH\CodeIgniter.php(942): App\Controllers\Arsip->ambil_data_asm()
 3 SYSTEMPATH\CodeIgniter.php(502): CodeIgniter\CodeIgniter->runController(Object(App\Controllers\Arsip))
 4 SYSTEMPATH\CodeIgniter.php(361): CodeIgniter\CodeIgniter->handleRequest(null, Object(Config\Cache), false)
 5 FCPATH\index.php(79): CodeIgniter\CodeIgniter->run()
 6 SYSTEMPATH\Commands\Server\rewrite.php(47): require_once('C:\\xampp\\htdocs\\michel_dkk\\public\\index.php')
INFO - 2024-03-16 15:30:35 --> Session: Class initialized using 'CodeIgniter\Session\Handlers\FileHandler' driver.
INFO - 2024-03-16 15:30:38 --> Session: Class initialized using 'CodeIgniter\Session\Handlers\FileHandler' driver.
CRITICAL - 2024-03-16 15:30:38 --> Call to undefined method App\Models\Modelrab::getAsmByKd
in SYSTEMPATH\Model.php on line 873.
 1 APPPATH\Controllers\Arsip.php(48): CodeIgniter\Model->__call('getAsmByKd', [...])
 2 SYSTEMPATH\CodeIgniter.php(942): App\Controllers\Arsip->ambil_data_asm()
 3 SYSTEMPATH\CodeIgniter.php(502): CodeIgniter\CodeIgniter->runController(Object(App\Controllers\Arsip))
 4 SYSTEMPATH\CodeIgniter.php(361): CodeIgniter\CodeIgniter->handleRequest(null, Object(Config\Cache), false)
 5 FCPATH\index.php(79): CodeIgniter\CodeIgniter->run()
 6 SYSTEMPATH\Commands\Server\rewrite.php(47): require_once('C:\\xampp\\htdocs\\michel_dkk\\public\\index.php')
INFO - 2024-03-16 15:34:42 --> Session: Class initialized using 'CodeIgniter\Session\Handlers\FileHandler' driver.
INFO - 2024-03-16 15:34:47 --> Session: Class initialized using 'CodeIgniter\Session\Handlers\FileHandler' driver.
CRITICAL - 2024-03-16 15:34:47 --> Call to undefined method App\Models\Modelrab::getAsmByKd
in SYSTEMPATH\Model.php on line 873.
 1 APPPATH\Controllers\Arsip.php(48): CodeIgniter\Model->__call('getAsmByKd', [...])
 2 SYSTEMPATH\CodeIgniter.php(942): App\Controllers\Arsip->ambil_data_asm()
 3 SYSTEMPATH\CodeIgniter.php(502): CodeIgniter\CodeIgniter->runController(Object(App\Controllers\Arsip))
 4 SYSTEMPATH\CodeIgniter.php(361): CodeIgniter\CodeIgniter->handleRequest(null, Object(Config\Cache), false)
 5 FCPATH\index.php(79): CodeIgniter\CodeIgniter->run()
 6 SYSTEMPATH\Commands\Server\rewrite.php(47): require_once('C:\\xampp\\htdocs\\michel_dkk\\public\\index.php')
INFO - 2024-03-16 15:38:10 --> Session: Class initialized using 'CodeIgniter\Session\Handlers\FileHandler' driver.
INFO - 2024-03-16 15:38:14 --> Session: Class initialized using 'CodeIgniter\Session\Handlers\FileHandler' driver.
INFO - 2024-03-16 15:38:18 --> Session: Class initialized using 'CodeIgniter\Session\Handlers\FileHandler' driver.
INFO - 2024-03-16 15:38:22 --> Session: Class initialized using 'CodeIgniter\Session\Handlers\FileHandler' driver.
INFO - 2024-03-16 15:38:29 --> Session: Class initialized using 'CodeIgniter\Session\Handlers\FileHandler' driver.
INFO - 2024-03-16 15:39:28 --> Session: Class initialized using 'CodeIgniter\Session\Handlers\FileHandler' driver.
INFO - 2024-03-16 15:39:32 --> Session: Class initialized using 'CodeIgniter\Session\Handlers\FileHandler' driver.
INFO - 2024-03-16 15:42:35 --> Session: Class initialized using 'CodeIgniter\Session\Handlers\FileHandler' driver.
INFO - 2024-03-16 15:45:27 --> Session: Class initialized using 'CodeIgniter\Session\Handlers\FileHandler' driver.
INFO - 2024-03-16 15:45:29 --> Session: Class initialized using 'CodeIgniter\Session\Handlers\FileHandler' driver.
INFO - 2024-03-16 15:45:35 --> Session: Class initialized using 'CodeIgniter\Session\Handlers\FileHandler' driver.
CRITICAL - 2024-03-16 15:45:35 --> Too few arguments to function App\Controllers\Arsip::ambil_data_asm(), 0 passed in C:\xampp\htdocs\michel_dkk\system\CodeIgniter.php on line 942 and exactly 1 expected
in APPPATH\Controllers\Arsip.php on line 45.
 1 SYSTEMPATH\CodeIgniter.php(942): App\Controllers\Arsip->ambil_data_asm()
 2 SYSTEMPATH\CodeIgniter.php(502): CodeIgniter\CodeIgniter->runController(Object(App\Controllers\Arsip))
 3 SYSTEMPATH\CodeIgniter.php(361): CodeIgniter\CodeIgniter->handleRequest(null, Object(Config\Cache), false)
 4 FCPATH\index.php(79): CodeIgniter\CodeIgniter->run()
 5 SYSTEMPATH\Commands\Server\rewrite.php(47): require_once('C:\\xampp\\htdocs\\michel_dkk\\public\\index.php')
INFO - 2024-03-16 15:48:06 --> Session: Class initialized using 'CodeIgniter\Session\Handlers\FileHandler' driver.
INFO - 2024-03-16 15:48:11 --> Session: Class initialized using 'CodeIgniter\Session\Handlers\FileHandler' driver.
INFO - 2024-03-16 15:48:16 --> Session: Class initialized using 'CodeIgniter\Session\Handlers\FileHandler' driver.
INFO - 2024-03-16 15:50:34 --> Session: Class initialized using 'CodeIgniter\Session\Handlers\FileHandler' driver.
INFO - 2024-03-16 15:50:38 --> Session: Class initialized using 'CodeIgniter\Session\Handlers\FileHandler' driver.
INFO - 2024-03-16 15:52:42 --> Session: Class initialized using 'CodeIgniter\Session\Handlers\FileHandler' driver.
INFO - 2024-03-16 15:52:45 --> Session: Class initialized using 'CodeIgniter\Session\Handlers\FileHandler' driver.
INFO - 2024-03-16 16:40:41 --> Session: Class initialized using 'CodeIgniter\Session\Handlers\FileHandler' driver.
INFO - 2024-03-16 16:40:54 --> Session: Class initialized using 'CodeIgniter\Session\Handlers\FileHandler' driver.
INFO - 2024-03-16 17:13:36 --> Session: Class initialized using 'CodeIgniter\Session\Handlers\FileHandler' driver.
CRITICAL - 2024-03-16 17:13:37 --> Undefined variable $tabletbk
in APPPATH\Views\admin\darsip.php on line 643.
 1 APPPATH\Views\admin\darsip.php(643): CodeIgniter\Debug\Exceptions->errorHandler(2, 'Undefined variable $tabletbk', 'C:\\xampp\\htdocs\\michel_dkk\\app\\Views\\admin\\darsip.php', 643)
 2 SYSTEMPATH\View\View.php(228): include('C:\\xampp\\htdocs\\michel_dkk\\app\\Views\\admin\\darsip.php')
 3 SYSTEMPATH\View\View.php(231): CodeIgniter\View\View->CodeIgniter\View\{closure}()
 4 SYSTEMPATH\Common.php(1190): CodeIgniter\View\View->render('admin/darsip', [], true)
 5 APPPATH\Controllers\Arsip.php(28): view('admin/darsip', [...])
 6 SYSTEMPATH\CodeIgniter.php(942): App\Controllers\Arsip->index()
 7 SYSTEMPATH\CodeIgniter.php(502): CodeIgniter\CodeIgniter->runController(Object(App\Controllers\Arsip))
 8 SYSTEMPATH\CodeIgniter.php(361): CodeIgniter\CodeIgniter->handleRequest(null, Object(Config\Cache), false)
 9 FCPATH\index.php(79): CodeIgniter\CodeIgniter->run()
10 SYSTEMPATH\Commands\Server\rewrite.php(47): require_once('C:\\xampp\\htdocs\\michel_dkk\\public\\index.php')
INFO - 2024-03-16 17:50:12 --> Session: Class initialized using 'CodeIgniter\Session\Handlers\FileHandler' driver.
CRITICAL - 2024-03-16 17:50:12 --> Undefined variable $tabletbk
in APPPATH\Views\admin\darsip.php on line 643.
 1 APPPATH\Views\admin\darsip.php(643): CodeIgniter\Debug\Exceptions->errorHandler(2, 'Undefined variable $tabletbk', 'C:\\xampp\\htdocs\\michel_dkk\\app\\Views\\admin\\darsip.php', 643)
 2 SYSTEMPATH\View\View.php(228): include('C:\\xampp\\htdocs\\michel_dkk\\app\\Views\\admin\\darsip.php')
 3 SYSTEMPATH\View\View.php(231): CodeIgniter\View\View->CodeIgniter\View\{closure}()
 4 SYSTEMPATH\Common.php(1190): CodeIgniter\View\View->render('admin/darsip', [], true)
 5 APPPATH\Controllers\Arsip.php(28): view('admin/darsip', [...])
 6 SYSTEMPATH\CodeIgniter.php(942): App\Controllers\Arsip->index()
 7 SYSTEMPATH\CodeIgniter.php(502): CodeIgniter\CodeIgniter->runController(Object(App\Controllers\Arsip))
 8 SYSTEMPATH\CodeIgniter.php(361): CodeIgniter\CodeIgniter->handleRequest(null, Object(Config\Cache), false)
 9 FCPATH\index.php(79): CodeIgniter\CodeIgniter->run()
10 SYSTEMPATH\Commands\Server\rewrite.php(47): require_once('C:\\xampp\\htdocs\\michel_dkk\\public\\index.php')
INFO - 2024-03-16 17:50:15 --> Session: Class initialized using 'CodeIgniter\Session\Handlers\FileHandler' driver.
CRITICAL - 2024-03-16 17:50:15 --> Undefined variable $tabletbk
in APPPATH\Views\admin\darsip.php on line 643.
 1 APPPATH\Views\admin\darsip.php(643): CodeIgniter\Debug\Exceptions->errorHandler(2, 'Undefined variable $tabletbk', 'C:\\xampp\\htdocs\\michel_dkk\\app\\Views\\admin\\darsip.php', 643)
 2 SYSTEMPATH\View\View.php(228): include('C:\\xampp\\htdocs\\michel_dkk\\app\\Views\\admin\\darsip.php')
 3 SYSTEMPATH\View\View.php(231): CodeIgniter\View\View->CodeIgniter\View\{closure}()
 4 SYSTEMPATH\Common.php(1190): CodeIgniter\View\View->render('admin/darsip', [], true)
 5 APPPATH\Controllers\Arsip.php(28): view('admin/darsip', [...])
 6 SYSTEMPATH\CodeIgniter.php(942): App\Controllers\Arsip->index()
 7 SYSTEMPATH\CodeIgniter.php(502): CodeIgniter\CodeIgniter->runController(Object(App\Controllers\Arsip))
 8 SYSTEMPATH\CodeIgniter.php(361): CodeIgniter\CodeIgniter->handleRequest(null, Object(Config\Cache), false)
 9 FCPATH\index.php(79): CodeIgniter\CodeIgniter->run()
10 SYSTEMPATH\Commands\Server\rewrite.php(47): require_once('C:\\xampp\\htdocs\\michel_dkk\\public\\index.php')
INFO - 2024-03-16 18:01:15 --> Session: Class initialized using 'CodeIgniter\Session\Handlers\FileHandler' driver.
CRITICAL - 2024-03-16 18:01:15 --> Undefined array key "kd_tbk"
in APPPATH\Views\admin\darsip.php on line 646.
 1 APPPATH\Views\admin\darsip.php(646): CodeIgniter\Debug\Exceptions->errorHandler(2, 'Undefined array key "kd_tbk"', 'C:\\xampp\\htdocs\\michel_dkk\\app\\Views\\admin\\darsip.php', 646)
 2 SYSTEMPATH\View\View.php(228): include('C:\\xampp\\htdocs\\michel_dkk\\app\\Views\\admin\\darsip.php')
 3 SYSTEMPATH\View\View.php(231): CodeIgniter\View\View->CodeIgniter\View\{closure}()
 4 SYSTEMPATH\Common.php(1190): CodeIgniter\View\View->render('admin/darsip', [], true)
 5 APPPATH\Controllers\Arsip.php(31): view('admin/darsip', [...])
 6 SYSTEMPATH\CodeIgniter.php(942): App\Controllers\Arsip->index()
 7 SYSTEMPATH\CodeIgniter.php(502): CodeIgniter\CodeIgniter->runController(Object(App\Controllers\Arsip))
 8 SYSTEMPATH\CodeIgniter.php(361): CodeIgniter\CodeIgniter->handleRequest(null, Object(Config\Cache), false)
 9 FCPATH\index.php(79): CodeIgniter\CodeIgniter->run()
10 SYSTEMPATH\Commands\Server\rewrite.php(47): require_once('C:\\xampp\\htdocs\\michel_dkk\\public\\index.php')
INFO - 2024-03-16 18:02:08 --> Session: Class initialized using 'CodeIgniter\Session\Handlers\FileHandler' driver.
CRITICAL - 2024-03-16 18:02:08 --> Undefined array key "kd_tbk"
in APPPATH\Views\admin\darsip.php on line 646.
 1 APPPATH\Views\admin\darsip.php(646): CodeIgniter\Debug\Exceptions->errorHandler(2, 'Undefined array key "kd_tbk"', 'C:\\xampp\\htdocs\\michel_dkk\\app\\Views\\admin\\darsip.php', 646)
 2 SYSTEMPATH\View\View.php(228): include('C:\\xampp\\htdocs\\michel_dkk\\app\\Views\\admin\\darsip.php')
 3 SYSTEMPATH\View\View.php(231): CodeIgniter\View\View->CodeIgniter\View\{closure}()
 4 SYSTEMPATH\Common.php(1190): CodeIgniter\View\View->render('admin/darsip', [], true)
 5 APPPATH\Controllers\Arsip.php(31): view('admin/darsip', [...])
 6 SYSTEMPATH\CodeIgniter.php(942): App\Controllers\Arsip->index()
 7 SYSTEMPATH\CodeIgniter.php(502): CodeIgniter\CodeIgniter->runController(Object(App\Controllers\Arsip))
 8 SYSTEMPATH\CodeIgniter.php(361): CodeIgniter\CodeIgniter->handleRequest(null, Object(Config\Cache), false)
 9 FCPATH\index.php(79): CodeIgniter\CodeIgniter->run()
10 SYSTEMPATH\Commands\Server\rewrite.php(47): require_once('C:\\xampp\\htdocs\\michel_dkk\\public\\index.php')
INFO - 2024-03-16 18:02:20 --> Session: Class initialized using 'CodeIgniter\Session\Handlers\FileHandler' driver.
CRITICAL - 2024-03-16 18:02:20 --> Undefined array key "nama_tbk"
in APPPATH\Views\admin\darsip.php on line 646.
 1 APPPATH\Views\admin\darsip.php(646): CodeIgniter\Debug\Exceptions->errorHandler(2, 'Undefined array key "nama_tbk"', 'C:\\xampp\\htdocs\\michel_dkk\\app\\Views\\admin\\darsip.php', 646)
 2 SYSTEMPATH\View\View.php(228): include('C:\\xampp\\htdocs\\michel_dkk\\app\\Views\\admin\\darsip.php')
 3 SYSTEMPATH\View\View.php(231): CodeIgniter\View\View->CodeIgniter\View\{closure}()
 4 SYSTEMPATH\Common.php(1190): CodeIgniter\View\View->render('admin/darsip', [], true)
 5 APPPATH\Controllers\Arsip.php(31): view('admin/darsip', [...])
 6 SYSTEMPATH\CodeIgniter.php(942): App\Controllers\Arsip->index()
 7 SYSTEMPATH\CodeIgniter.php(502): CodeIgniter\CodeIgniter->runController(Object(App\Controllers\Arsip))
 8 SYSTEMPATH\CodeIgniter.php(361): CodeIgniter\CodeIgniter->handleRequest(null, Object(Config\Cache), false)
 9 FCPATH\index.php(79): CodeIgniter\CodeIgniter->run()
10 SYSTEMPATH\Commands\Server\rewrite.php(47): require_once('C:\\xampp\\htdocs\\michel_dkk\\public\\index.php')
INFO - 2024-03-16 18:03:03 --> Session: Class initialized using 'CodeIgniter\Session\Handlers\FileHandler' driver.
CRITICAL - 2024-03-16 18:03:03 --> Undefined array key "kd_tbk"
in APPPATH\Views\admin\darsip.php on line 646.
 1 APPPATH\Views\admin\darsip.php(646): CodeIgniter\Debug\Exceptions->errorHandler(2, 'Undefined array key "kd_tbk"', 'C:\\xampp\\htdocs\\michel_dkk\\app\\Views\\admin\\darsip.php', 646)
 2 SYSTEMPATH\View\View.php(228): include('C:\\xampp\\htdocs\\michel_dkk\\app\\Views\\admin\\darsip.php')
 3 SYSTEMPATH\View\View.php(231): CodeIgniter\View\View->CodeIgniter\View\{closure}()
 4 SYSTEMPATH\Common.php(1190): CodeIgniter\View\View->render('admin/darsip', [], true)
 5 APPPATH\Controllers\Arsip.php(31): view('admin/darsip', [...])
 6 SYSTEMPATH\CodeIgniter.php(942): App\Controllers\Arsip->index()
 7 SYSTEMPATH\CodeIgniter.php(502): CodeIgniter\CodeIgniter->runController(Object(App\Controllers\Arsip))
 8 SYSTEMPATH\CodeIgniter.php(361): CodeIgniter\CodeIgniter->handleRequest(null, Object(Config\Cache), false)
 9 FCPATH\index.php(79): CodeIgniter\CodeIgniter->run()
10 SYSTEMPATH\Commands\Server\rewrite.php(47): require_once('C:\\xampp\\htdocs\\michel_dkk\\public\\index.php')
INFO - 2024-03-16 19:49:51 --> Session: Class initialized using 'CodeIgniter\Session\Handlers\FileHandler' driver.
CRITICAL - 2024-03-16 19:49:51 --> Call to a member function Alldata() on null
in APPPATH\Controllers\Arsip.php on line 27.
 1 SYSTEMPATH\CodeIgniter.php(942): App\Controllers\Arsip->index()
 2 SYSTEMPATH\CodeIgniter.php(502): CodeIgniter\CodeIgniter->runController(Object(App\Controllers\Arsip))
 3 SYSTEMPATH\CodeIgniter.php(361): CodeIgniter\CodeIgniter->handleRequest(null, Object(Config\Cache), false)
 4 FCPATH\index.php(79): CodeIgniter\CodeIgniter->run()
 5 SYSTEMPATH\Commands\Server\rewrite.php(47): require_once('C:\\xampp\\htdocs\\michel_dkk\\public\\index.php')
INFO - 2024-03-16 20:39:43 --> Session: Class initialized using 'CodeIgniter\Session\Handlers\FileHandler' driver.
CRITICAL - 2024-03-16 20:39:43 --> Call to a member function Alldata() on null
in APPPATH\Controllers\Arsip.php on line 27.
 1 SYSTEMPATH\CodeIgniter.php(942): App\Controllers\Arsip->index()
 2 SYSTEMPATH\CodeIgniter.php(502): CodeIgniter\CodeIgniter->runController(Object(App\Controllers\Arsip))
 3 SYSTEMPATH\CodeIgniter.php(361): CodeIgniter\CodeIgniter->handleRequest(null, Object(Config\Cache), false)
 4 FCPATH\index.php(79): CodeIgniter\CodeIgniter->run()
 5 SYSTEMPATH\Commands\Server\rewrite.php(47): require_once('C:\\xampp\\htdocs\\michel_dkk\\public\\index.php')
INFO - 2024-03-16 20:41:37 --> Session: Class initialized using 'CodeIgniter\Session\Handlers\FileHandler' driver.
CRITICAL - 2024-03-16 20:41:37 --> Call to a member function Alldata() on null
in APPPATH\Controllers\Arsip.php on line 27.
 1 SYSTEMPATH\CodeIgniter.php(942): App\Controllers\Arsip->index()
 2 SYSTEMPATH\CodeIgniter.php(502): CodeIgniter\CodeIgniter->runController(Object(App\Controllers\Arsip))
 3 SYSTEMPATH\CodeIgniter.php(361): CodeIgniter\CodeIgniter->handleRequest(null, Object(Config\Cache), false)
 4 FCPATH\index.php(79): CodeIgniter\CodeIgniter->run()
 5 SYSTEMPATH\Commands\Server\rewrite.php(47): require_once('C:\\xampp\\htdocs\\michel_dkk\\public\\index.php')
INFO - 2024-03-16 20:43:18 --> Session: Class initialized using 'CodeIgniter\Session\Handlers\FileHandler' driver.
CRITICAL - 2024-03-16 20:43:18 --> Call to a member function Alldata() on null
in APPPATH\Controllers\Arsip.php on line 27.
 1 SYSTEMPATH\CodeIgniter.php(942): App\Controllers\Arsip->index()
 2 SYSTEMPATH\CodeIgniter.php(502): CodeIgniter\CodeIgniter->runController(Object(App\Controllers\Arsip))
 3 SYSTEMPATH\CodeIgniter.php(361): CodeIgniter\CodeIgniter->handleRequest(null, Object(Config\Cache), false)
 4 FCPATH\index.php(79): CodeIgniter\CodeIgniter->run()
 5 SYSTEMPATH\Commands\Server\rewrite.php(47): require_once('C:\\xampp\\htdocs\\michel_dkk\\public\\index.php')
